<?xml version="1.0" encoding="UTF-8" ?>
<testsuite errors="0" failures="1" name="fi.hut.soberit.agilefant.model.SpringEnabledTestCase" tests="1" time="0.11">
  <properties>
[...]
</properties>
  <testcase classname="junit.framework.TestSuite$1" name="warning" time="0.03">
    <failure message="Class fi.hut.soberit.agilefant.model.SpringEnabledTestCase has no public constructor TestCase(String name) or TestCase()" type="junit.framework.AssertionFailedError">junit.framework.AssertionFailedError: Class fi.hut.soberit.agilefant.model.SpringEnabledTestCase has no public constructor TestCase(String name) or TestCase()
</failure>
  </testcase>
  <system-out><![CDATA[]]></system-out>
  <system-err><![CDATA[]]></system-err>
</testsuite>
